{"/Users/muskaangulrajani/nodedemos/dbdemo/app.js": {"path":"/Users/muskaangulrajani/nodedemos/dbdemo/app.js","statementMap":{"0":{"start":{"line":5,"column":12},"end":{"line":5,"column":21}},"1":{"start":{"line":6,"column":0},"end":{"line":6,"column":24}},"2":{"start":{"line":9,"column":0},"end":{"line":9,"column":40}},"3":{"start":{"line":11,"column":0},"end":{"line":11,"column":33}},"4":{"start":{"line":15,"column":0},"end":{"line":15,"column":22}}},"fnMap":{},"branchMap":{},"s":{"0":2,"1":2,"2":2,"3":2,"4":2},"f":{},"b":{},"_coverageSchema":"1a1c01bbd47fc00a2c39e90264f33305004495a9","hash":"7403f495dce46e2367ce075b0e8f572f9d605066"}
,"/Users/muskaangulrajani/nodedemos/dbdemo/calculator.js": {"path":"/Users/muskaangulrajani/nodedemos/dbdemo/calculator.js","statementMap":{"0":{"start":{"line":3,"column":4},"end":{"line":3,"column":17}},"1":{"start":{"line":7,"column":4},"end":{"line":7,"column":18}}},"fnMap":{"0":{"name":"add","decl":{"start":{"line":2,"column":16},"end":{"line":2,"column":19}},"loc":{"start":{"line":2,"column":26},"end":{"line":4,"column":1}},"line":2},"1":{"name":"subtract","decl":{"start":{"line":6,"column":16},"end":{"line":6,"column":24}},"loc":{"start":{"line":6,"column":31},"end":{"line":8,"column":1}},"line":6}},"branchMap":{},"s":{"0":1,"1":1},"f":{"0":1,"1":1},"b":{},"_coverageSchema":"1a1c01bbd47fc00a2c39e90264f33305004495a9","hash":"1f99e73a5afaadb4950e5403f6653f826f2324ca"}
,"/Users/muskaangulrajani/nodedemos/dbdemo/controllers/authController.js": {"path":"/Users/muskaangulrajani/nodedemos/dbdemo/controllers/authController.js","statementMap":{"0":{"start":{"line":5,"column":28},"end":{"line":16,"column":1}},"1":{"start":{"line":6,"column":2},"end":{"line":15,"column":3}},"2":{"start":{"line":7,"column":35},"end":{"line":7,"column":43}},"3":{"start":{"line":8,"column":23},"end":{"line":8,"column":55}},"4":{"start":{"line":9,"column":4},"end":{"line":9,"column":84}},"5":{"start":{"line":9,"column":20},"end":{"line":9,"column":84}},"6":{"start":{"line":11,"column":17},"end":{"line":11,"column":58}},"7":{"start":{"line":12,"column":4},"end":{"line":12,"column":70}},"8":{"start":{"line":14,"column":4},"end":{"line":14,"column":14}},"9":{"start":{"line":19,"column":25},"end":{"line":37,"column":1}},"10":{"start":{"line":20,"column":2},"end":{"line":36,"column":3}},"11":{"start":{"line":21,"column":35},"end":{"line":21,"column":43}},"12":{"start":{"line":22,"column":17},"end":{"line":22,"column":49}},"13":{"start":{"line":24,"column":4},"end":{"line":33,"column":5}},"14":{"start":{"line":25,"column":20},"end":{"line":29,"column":7}},"15":{"start":{"line":30,"column":6},"end":{"line":30,"column":26}},"16":{"start":{"line":32,"column":6},"end":{"line":32,"column":63}},"17":{"start":{"line":35,"column":4},"end":{"line":35,"column":14}}},"fnMap":{"0":{"name":"(anonymous_0)","decl":{"start":{"line":5,"column":28},"end":{"line":5,"column":29}},"loc":{"start":{"line":5,"column":54},"end":{"line":16,"column":1}},"line":5},"1":{"name":"(anonymous_1)","decl":{"start":{"line":19,"column":25},"end":{"line":19,"column":26}},"loc":{"start":{"line":19,"column":51},"end":{"line":37,"column":1}},"line":19}},"branchMap":{"0":{"loc":{"start":{"line":9,"column":4},"end":{"line":9,"column":84}},"type":"if","locations":[{"start":{"line":9,"column":4},"end":{"line":9,"column":84}},{"start":{},"end":{}}],"line":9},"1":{"loc":{"start":{"line":24,"column":4},"end":{"line":33,"column":5}},"type":"if","locations":[{"start":{"line":24,"column":4},"end":{"line":33,"column":5}},{"start":{"line":31,"column":11},"end":{"line":33,"column":5}}],"line":24},"2":{"loc":{"start":{"line":24,"column":8},"end":{"line":24,"column":50}},"type":"binary-expr","locations":[{"start":{"line":24,"column":8},"end":{"line":24,"column":12}},{"start":{"line":24,"column":16},"end":{"line":24,"column":50}}],"line":24}},"s":{"0":2,"1":0,"2":0,"3":0,"4":0,"5":0,"6":0,"7":0,"8":0,"9":2,"10":2,"11":2,"12":2,"13":2,"14":2,"15":2,"16":0,"17":0},"f":{"0":0,"1":2},"b":{"0":[0,0],"1":[2,0],"2":[2,2]},"_coverageSchema":"1a1c01bbd47fc00a2c39e90264f33305004495a9","hash":"1f342221bce6c15c0be1928a1ad6459dac46cbd4"}
,"/Users/muskaangulrajani/nodedemos/dbdemo/controllers/studentController.js": {"path":"/Users/muskaangulrajani/nodedemos/dbdemo/controllers/studentController.js","statementMap":{"0":{"start":{"line":4,"column":29},"end":{"line":11,"column":1}},"1":{"start":{"line":5,"column":2},"end":{"line":10,"column":3}},"2":{"start":{"line":6,"column":20},"end":{"line":6,"column":50}},"3":{"start":{"line":7,"column":4},"end":{"line":7,"column":34}},"4":{"start":{"line":9,"column":4},"end":{"line":9,"column":14}},"5":{"start":{"line":14,"column":27},"end":{"line":21,"column":1}},"6":{"start":{"line":15,"column":2},"end":{"line":20,"column":3}},"7":{"start":{"line":16,"column":21},"end":{"line":16,"column":41}},"8":{"start":{"line":17,"column":4},"end":{"line":17,"column":23}},"9":{"start":{"line":19,"column":4},"end":{"line":19,"column":14}},"10":{"start":{"line":23,"column":30},"end":{"line":34,"column":1}},"11":{"start":{"line":24,"column":2},"end":{"line":33,"column":3}},"12":{"start":{"line":25,"column":20},"end":{"line":25,"column":57}},"13":{"start":{"line":26,"column":4},"end":{"line":28,"column":5}},"14":{"start":{"line":27,"column":6},"end":{"line":27,"column":68}},"15":{"start":{"line":29,"column":4},"end":{"line":29,"column":22}},"16":{"start":{"line":32,"column":4},"end":{"line":32,"column":14}},"17":{"start":{"line":36,"column":29},"end":{"line":47,"column":1}},"18":{"start":{"line":37,"column":2},"end":{"line":46,"column":3}},"19":{"start":{"line":38,"column":20},"end":{"line":39,"column":42}},"20":{"start":{"line":40,"column":4},"end":{"line":42,"column":5}},"21":{"start":{"line":41,"column":6},"end":{"line":41,"column":68}},"22":{"start":{"line":43,"column":4},"end":{"line":43,"column":22}},"23":{"start":{"line":45,"column":4},"end":{"line":45,"column":14}},"24":{"start":{"line":50,"column":29},"end":{"line":61,"column":1}},"25":{"start":{"line":51,"column":2},"end":{"line":60,"column":3}},"26":{"start":{"line":52,"column":20},"end":{"line":52,"column":66}},"27":{"start":{"line":53,"column":4},"end":{"line":55,"column":5}},"28":{"start":{"line":54,"column":6},"end":{"line":54,"column":68}},"29":{"start":{"line":56,"column":4},"end":{"line":56,"column":26}},"30":{"start":{"line":59,"column":4},"end":{"line":59,"column":14}}},"fnMap":{"0":{"name":"(anonymous_0)","decl":{"start":{"line":4,"column":29},"end":{"line":4,"column":30}},"loc":{"start":{"line":4,"column":55},"end":{"line":11,"column":1}},"line":4},"1":{"name":"(anonymous_1)","decl":{"start":{"line":14,"column":27},"end":{"line":14,"column":28}},"loc":{"start":{"line":14,"column":53},"end":{"line":21,"column":1}},"line":14},"2":{"name":"(anonymous_2)","decl":{"start":{"line":23,"column":30},"end":{"line":23,"column":31}},"loc":{"start":{"line":23,"column":56},"end":{"line":34,"column":1}},"line":23},"3":{"name":"(anonymous_3)","decl":{"start":{"line":36,"column":29},"end":{"line":36,"column":30}},"loc":{"start":{"line":36,"column":55},"end":{"line":47,"column":1}},"line":36},"4":{"name":"(anonymous_4)","decl":{"start":{"line":50,"column":29},"end":{"line":50,"column":30}},"loc":{"start":{"line":50,"column":55},"end":{"line":61,"column":1}},"line":50}},"branchMap":{"0":{"loc":{"start":{"line":26,"column":4},"end":{"line":28,"column":5}},"type":"if","locations":[{"start":{"line":26,"column":4},"end":{"line":28,"column":5}},{"start":{},"end":{}}],"line":26},"1":{"loc":{"start":{"line":40,"column":4},"end":{"line":42,"column":5}},"type":"if","locations":[{"start":{"line":40,"column":4},"end":{"line":42,"column":5}},{"start":{},"end":{}}],"line":40},"2":{"loc":{"start":{"line":53,"column":4},"end":{"line":55,"column":5}},"type":"if","locations":[{"start":{"line":53,"column":4},"end":{"line":55,"column":5}},{"start":{},"end":{}}],"line":53}},"s":{"0":2,"1":1,"2":1,"3":1,"4":0,"5":2,"6":1,"7":1,"8":1,"9":0,"10":2,"11":0,"12":0,"13":0,"14":0,"15":0,"16":0,"17":2,"18":0,"19":0,"20":0,"21":0,"22":0,"23":0,"24":2,"25":0,"26":0,"27":0,"28":0,"29":0,"30":0},"f":{"0":1,"1":1,"2":0,"3":0,"4":0},"b":{"0":[0,0],"1":[0,0],"2":[0,0]},"_coverageSchema":"1a1c01bbd47fc00a2c39e90264f33305004495a9","hash":"a7c92a0a1b19c5948388fd72b05a63350dba3099"}
,"/Users/muskaangulrajani/nodedemos/dbdemo/middleware/authMiddleware.js": {"path":"/Users/muskaangulrajani/nodedemos/dbdemo/middleware/authMiddleware.js","statementMap":{"0":{"start":{"line":3,"column":23},"end":{"line":14,"column":1}},"1":{"start":{"line":4,"column":14},"end":{"line":4,"column":54}},"2":{"start":{"line":5,"column":2},"end":{"line":5,"column":76}},"3":{"start":{"line":5,"column":14},"end":{"line":5,"column":76}},"4":{"start":{"line":7,"column":2},"end":{"line":13,"column":3}},"5":{"start":{"line":8,"column":20},"end":{"line":8,"column":61}},"6":{"start":{"line":9,"column":4},"end":{"line":9,"column":23}},"7":{"start":{"line":10,"column":4},"end":{"line":10,"column":11}},"8":{"start":{"line":12,"column":4},"end":{"line":12,"column":55}}},"fnMap":{"0":{"name":"(anonymous_0)","decl":{"start":{"line":3,"column":23},"end":{"line":3,"column":24}},"loc":{"start":{"line":3,"column":43},"end":{"line":14,"column":1}},"line":3}},"branchMap":{"0":{"loc":{"start":{"line":5,"column":2},"end":{"line":5,"column":76}},"type":"if","locations":[{"start":{"line":5,"column":2},"end":{"line":5,"column":76}},{"start":{},"end":{}}],"line":5}},"s":{"0":2,"1":2,"2":2,"3":1,"4":1,"5":1,"6":1,"7":1,"8":0},"f":{"0":2},"b":{"0":[1,1]},"_coverageSchema":"1a1c01bbd47fc00a2c39e90264f33305004495a9","hash":"a630ae485a5fbdb5afb46c1db0693c4ba689bfcc"}
,"/Users/muskaangulrajani/nodedemos/dbdemo/middleware/errorHandler.js": {"path":"/Users/muskaangulrajani/nodedemos/dbdemo/middleware/errorHandler.js","statementMap":{"0":{"start":{"line":1,"column":28},"end":{"line":4,"column":3}},"1":{"start":{"line":2,"column":4},"end":{"line":2,"column":29}},"2":{"start":{"line":3,"column":4},"end":{"line":3,"column":51}}},"fnMap":{"0":{"name":"(anonymous_0)","decl":{"start":{"line":1,"column":28},"end":{"line":1,"column":29}},"loc":{"start":{"line":1,"column":53},"end":{"line":4,"column":3}},"line":1}},"branchMap":{},"s":{"0":2,"1":0,"2":0},"f":{"0":0},"b":{},"_coverageSchema":"1a1c01bbd47fc00a2c39e90264f33305004495a9","hash":"410ed9ea086179e50a4eceed5cff539e7a07b8b1"}
,"/Users/muskaangulrajani/nodedemos/dbdemo/models/studentSchema.js": {"path":"/Users/muskaangulrajani/nodedemos/dbdemo/models/studentSchema.js","statementMap":{"0":{"start":{"line":3,"column":22},"end":{"line":7,"column":24}},"1":{"start":{"line":9,"column":23},"end":{"line":9,"column":63}}},"fnMap":{},"branchMap":{},"s":{"0":2,"1":2},"f":{},"b":{},"_coverageSchema":"1a1c01bbd47fc00a2c39e90264f33305004495a9","hash":"48b4b58099f1ccf54ebe6a9130ae10eac3554b9b"}
,"/Users/muskaangulrajani/nodedemos/dbdemo/models/user.js": {"path":"/Users/muskaangulrajani/nodedemos/dbdemo/models/user.js","statementMap":{"0":{"start":{"line":4,"column":19},"end":{"line":7,"column":2}},"1":{"start":{"line":10,"column":0},"end":{"line":14,"column":3}},"2":{"start":{"line":11,"column":2},"end":{"line":11,"column":50}},"3":{"start":{"line":11,"column":36},"end":{"line":11,"column":50}},"4":{"start":{"line":12,"column":2},"end":{"line":12,"column":55}},"5":{"start":{"line":13,"column":2},"end":{"line":13,"column":9}},"6":{"start":{"line":17,"column":0},"end":{"line":19,"column":2}},"7":{"start":{"line":18,"column":2},"end":{"line":18,"column":62}},"8":{"start":{"line":21,"column":20},"end":{"line":21,"column":54}}},"fnMap":{"0":{"name":"(anonymous_0)","decl":{"start":{"line":10,"column":23},"end":{"line":10,"column":24}},"loc":{"start":{"line":10,"column":45},"end":{"line":14,"column":1}},"line":10},"1":{"name":"(anonymous_1)","decl":{"start":{"line":17,"column":35},"end":{"line":17,"column":36}},"loc":{"start":{"line":17,"column":68},"end":{"line":19,"column":1}},"line":17}},"branchMap":{"0":{"loc":{"start":{"line":11,"column":2},"end":{"line":11,"column":50}},"type":"if","locations":[{"start":{"line":11,"column":2},"end":{"line":11,"column":50}},{"start":{},"end":{}}],"line":11}},"s":{"0":2,"1":2,"2":0,"3":0,"4":0,"5":0,"6":2,"7":2,"8":2},"f":{"0":0,"1":2},"b":{"0":[0,0]},"_coverageSchema":"1a1c01bbd47fc00a2c39e90264f33305004495a9","hash":"a85e195abbafd7222c24290a7944fbec03340e5c"}
,"/Users/muskaangulrajani/nodedemos/dbdemo/routes/authRoutes.js": {"path":"/Users/muskaangulrajani/nodedemos/dbdemo/routes/authRoutes.js","statementMap":{"0":{"start":{"line":4,"column":15},"end":{"line":4,"column":31}},"1":{"start":{"line":6,"column":0},"end":{"line":6,"column":39}},"2":{"start":{"line":7,"column":0},"end":{"line":7,"column":32}}},"fnMap":{},"branchMap":{},"s":{"0":2,"1":2,"2":2},"f":{},"b":{},"_coverageSchema":"1a1c01bbd47fc00a2c39e90264f33305004495a9","hash":"c83db05e3f83b516929104f84bd4f89d26c815ca"}
,"/Users/muskaangulrajani/nodedemos/dbdemo/routes/studentRoutes.js": {"path":"/Users/muskaangulrajani/nodedemos/dbdemo/routes/studentRoutes.js","statementMap":{"0":{"start":{"line":6,"column":15},"end":{"line":6,"column":31}},"1":{"start":{"line":8,"column":0},"end":{"line":8,"column":41}},"2":{"start":{"line":9,"column":0},"end":{"line":9,"column":29}},"3":{"start":{"line":10,"column":0},"end":{"line":10,"column":35}},"4":{"start":{"line":11,"column":0},"end":{"line":11,"column":34}},"5":{"start":{"line":12,"column":0},"end":{"line":12,"column":37}}},"fnMap":{},"branchMap":{},"s":{"0":2,"1":2,"2":2,"3":2,"4":2,"5":2},"f":{},"b":{},"_coverageSchema":"1a1c01bbd47fc00a2c39e90264f33305004495a9","hash":"a3765d39828dbb6df4fa219b5a87bf5674ee152f"}
}
